1 25 1 27 27 4 13 13 13 32 32 23 22 22 22 34 34 34 38 38 43 28 28 28 7 7 7 39 39 15 31 31 41 40 48 19 44 9 37 11 20 24 42 2 45 14 12 30 17 5 21 10 0 46 8 6 18 36

46 46 46 22 22 22 43 1 38 21 0 0 43 1 38 21 21 29 1 32 18 0 0 43 43 43 0 22 22 46 46 46 23 23 23 46 46 46 23 23 46 46 1 3 0 0 43 1 38 15 0 12 34 1 49 10 45 1 43 2 30 24 31 13 40 1 33 19 47 17 36 8 0 6
49 49 49 35 35 35 17 17 17 3 3 31 33 33 7 30 30 12 16 16 16 14 24 2 48 38 45 36 36 36 1 41 19 29 37 20 28 10 18 8 26 40 39 46 1 13 44 25 42 22 21 34 4 11 43 32 23
36 35 2 43 6 14 15 32 38 1 1 24 49 45 29 14 39 39 13 26 5 0 34 30 21 11 7 26 19 16 3 23 31 20 41 18 46 48 22 40 37 47 25 28 0 44 44 44 8 8 8 17 43 43 2 2 35
4 4 3 14 14 14 3 4 4 12 12 15 5 5 0 8 10 9 7 2
43 43 27 10 10 10 30 30 30 10 10 27 43 43 6 6 43 43 43 6 43 43 43 6 43 43 43 6 6 43 43 43 6 43 43 43 6 6 6 43 43 6 6 43 43 43 6 43 43 6 6 6 41 40 27 4 27 10 27 0 21 19 35 4 47 44 27 10 27 10 10 27 29 13 25 48 11 45 31
11 11 11 38 38 38 19 19 9 18 9 27 5 25 37 10 46 1 49 36 3 17 44 21 39 9 18 16 48 22 33 13 35 35 15 28 28 28 4 4 42 30 26 43 7 7 31 24 0 20 6 14 12 2 8 17 40
29 29 1 0 0 2 3 4 5 6 7 8 9 10 11 12 13 14 15 16 17 18 19 20 21 22 23 24 25 26 27
35 35 43 36 36 36 43 43 43 34 34 34 43 43 43 38 38 38 43 43 43 34 34 34 43 43 43 26 26 26 43 43 43 0 1 2 3 4 5 6 7 8 9 10 11 13 12 14 15 25 18 43 35 43 36 36 43 43 20 20 47 35 35 38 43 43 34 34 34 43 43 43 22 22 43 35 35
1 1 1 0 0 0 2 0 0 6 7
35 35 4 4 35 35 35 4 35 35 35 4 4 4 35 35 35 4 4 4 35 35 35 4 4 4 35 35 35 4 4 4 35 35 35 4 4 35 35 35 4 4 35 35 35 4 4 4 35 35 34 34 34 7 7 22 40 0 0 13 11 20 18 9 36 21 38 41 25 1 2 3 14 7 28 7 32
6 6 6 46 46 46 7 7 35 21 19 14 30 4 46 7 46 46 33 0 11 26 18 15 4 44 5 31 1 24 29 41 43 9 17 23 45 34 3 25 13 40 14 49 28 22 20 48 36 47 16 27 2 37 42 39
42 42 42 39 20 12 4 4 41 40 48 22 16 6 30 34 7 17 19 46 36 37 26 29 25 43 24 35 1 11 28 47 45 27 4 4 4 12 44 49 13 5 21 33 38 32 10 18 9 15 7 0 8 14
31 8 37 17 27 33 12 26 43 2 7 44 45 38 14 28 41 40 13 6 16 12 42 1 3 4 11 47 20 33 21 21 9 21 21 21 9 29 22 30 48 5 49 18 0 23 34 32 36 35 25 15 17 46 41
5 13 13 40 40 40 13 13 13 36 36 36 19 19 19 40 40 40 13 20 20 45 45 13 22 22 31 31 38 5 5 5 48 48 48 12 12 12 38 29 29 4 4 4 47 47 47 14 14 14 47 47 38 5 5 5 43 43 43 5 5 5 44 44 5 13 18 41 41 41 16 13 2 27 5 13 9
1 1 1 0 0 47 47 47 0 20 0 1 1 1 0 24 0 1 1 1 0 0 1 1 1 0 1 1 1 0 1 1 1 0 1 1 1 0 1 1 1 0 1 1 1 0 1 1 1 0 3 40 1 1 1 0 23 46 28 0 17 1 1 0 16 0 29 29 0 39 0 14 0 1 1 1 0 1 1 1 0 0 1 1 1 14 14 14 1 1 1 0 0 1 1 1
29 28 27 23 24 25 26 26 2 1 0 47 3 4 5 46 46 6 13 12 11 7 8 9 10 18 17 16 15 19 20 21 14 30 37 36 35 31 32 33 34 42 41 40 39 43 44 45 38
0 5 1 4 2 3
37 37 37 8 8 8 10 10 10 8 8 8 37 37 8 8 8 10 42 21 31 49 48 36 43 44 2 2 10 10 10 8 8 8 10 10 10 8 8 8 10 10 10 8 8 38 8 8 8 37 37 37 20 40 6 44 33 13 4 25 34 28 12 0 32 11 22 19 46 39
40 40 44 10 10 10 44 44 47 19 19 19 31 31 24 20 30 41 34 4 11 9 45 15 42 39 17 12 49 30 21 7 19 26 32 5 35 44 47 19 7 21 30 30 30 8 8 13 36 36 16 46 35 14 37 29 0 43 25 2 13
42 42 3 9 15 9 3 3 3 4 4 4 22 6 24 24 30 14 41 41 28 13 2 12 39 6 29 38 0 40 20 27 18 35 17 37 19 26 33 5 31 16 11 1 43 7 36 32 8
0 0 1 1 2 3 4 5 6 7 8 9 10 11 12 13 14 15 16 17 18 19 20 21 22 23 24 25 26 27 28 29 30 31 32 33 34 35 36 37 38 39 40 41 42 43 44 45 46 47 48
22 9 4 24 1 14 5 11 20 21 17 19 13 13 12 16 3 0 0 6 23 25 8 18 10 7 2
10 4 16 13 9 11 12 12 8 3 7 15 10 4 16 1 1 17 0 2 14 5 7

27 27 27 9 9 21 38 38 18 1 12 39 2 31 44 44 42 7 4 48 47 5 25 17 9 9 45 14 43 15 3 33 36 20 41 26 29 34 49 23 19 6 6 11 30 32 24 13 16 22 37 10 28 35
32 32 1 47 46 25 16 12 13 34 37 20 44 42 24 33 30 10 2 36 5 40 15 48 0 3 21 11 18 49 43 45 14 28 7 6 9 41 22 31 25 25 16 16 16 4 17 39 19 23 38 26 8
24 24 24 35 49 47 34 31 12 40 1 2 33 10 36 7 41 0 9 28 6 4 37 39 18 23 17 20 43 5 30 44 44 35 35 24 24 24 35 24 24 16 48 11 27 32 13 45 8 46 21 19 20 29 14 26
37 37 37 0 0 0 46 46 46 41 41 41 48 48 49 40 40 45 36 44 32 39 26 18 43 31 35 34 19 28 24 17 38 30 11 21 16 8 12 27 29 15 10 7 22 13 20 9 0 0 37 37 37 0 47 42 1 4
15 15 15 6 6 6 13 13 8 8 30 20 5 9 17 41 7 34 37 21 40 27 47 16 0 3 28 4 18 14 25 36 22 45 42 24 43 41 1 38 23 26 33 10 49 12 7 46 35 48 44 11 2 31
4 4 25 26 34 42 37 2 2 1 1 1 0 0 0 3 3 5 6 6 6 7 7 7 8 8 8 9 9 9 10 18 45 29 37 38 39 36 35 32 31 28 27 24 23 20 19 16 15 12 11 14 13 21 22 17
39 39 39 20 23 18 17 17 10 19 19 47 5 26 21 31 41 42 9 34 19 19 40 25 29 0 3 28 16 32 44 2 13 4 45 1 14 46 8 43 12 33 38 24 15 37 48 6 35 7 39 20 27 22
9 9 9 34 34 34 19 19 38 36 36 36 19 19 19 34 25 6 43 3 26 10 22 16 35 30 1 11 28 31 49 49 49 27 27 27 2 2 2 47 7 24 21 21 23 20 29 45 4 37 17 44 0 13 46 5 32 39 41
5 5 24 24 14 29 0 41 7 3 28 31 40 49 6 15 46 12 39 42 18 43 21 9 30 45 19 44 2 1 11 35 48 36 17 32 8 22 23 25 34 20 27 47 26 16 37 13 33 10 38
33 33 33 32 32 36 35 35 39 38 38 38 37 37 5 6 6 6 7 3 4 0 1 2 45 44 40 41 46 47 43 42 29 30 25 24 28 29 34 26 21 13 18 10 11 15 14 9 8 23 19 20 16
16 16 16 49 49 49 16 16 16 49 49 16 16 16 49 16 16 16 34 34 28 32 36 29 23 26 18 47 19 30 25 34 34 15 45 38 27 37 22 20 43 44 17 33 24 21 31 42 35 41 41 48 2 9 13 0 11 12 4 1

33 40 40 9 0 3 28 45 45 10 15 24 29 42 47 2 12 11 34 35 41 22 19 18 36 25 32 4 20 5 37 49 31 21 23 17 26 38 27 8 7 14 48 44 30 6 16 1 46 43 39
36 36 31 24 24 27 18 18 17 32 40 13 49 20 6 35 45 46 24 24 31 31 31 5 23 25 9 44 34 19 29 33 14 15 42 22 26 7 47 4 1 12 21 43 38 37 16 39 2 0 3 10 8 46 36 36

9 9 9 24 24 1 11 37 20 2 2 2 32 32 29 23 23 3 14 14 14 48 31 38 44 28 21 8 35 10 13 18 6 34 34 34 9 9 42 7 27 30 16 4 48 47 15 19 5 5 5 25 25 27 39 43 33 46 36 45
7 7 2 10 39 48 38 15 0 14 14 34 34 1 5 28 11 10 11 39 45 22 14 14 14 34 34 34 14 14 34 34 34 14 14 34 34 34 14 34 34 14 34 34 18 34 34 34 18 34 34 34 18 34 34 34 40 43 23 46 16 34 34 9 26 37 47 49 12 31 8
8 8 8 3 3 3 8 8 3 3 4 7 6 2
29 29 29 21 21 21 25 25 25 21 21 21 27 27 27 21 21 21 25 29 29 0 4 6 35 35 35 13 13 13 43 43 45 13 13 15 39 30 38 14 11 17 41 42 49 16 12 18 34 32 33 7 1 9 37 31 36 8 2 3 46 48
36 36 36 25 25 25 17 13 0 10 4 15 28 40 26 2 48 48 19 9 16 34 22 22 45 45 45 46 44 44 33 12 12 48 48 48 18 18 18 32 32 18 18 1 31 31 49 42 24 34 5 5 7 23 27 20 3 14 41 11 8 1
47 34 42 27 27 27 32 31 13 25 37 26 14 15 1 30 8 17 33 33 33 4 4 24 43 40 2 12 16 39 11 11 11 36 36 11 11 39 19 38 3 41 44 9 5 35 7 21 28 49 6 23 29 45 46 20
31 31 36 20 20 39 22 22 22 29 29 0 30 27 19 3 23 26 10 34 2 37 18 33 42 32 32 9 9 49 47 36 31 31 41 5 5 44 8 45 7 35 40 46 24 48 43 25 19 31 31 36 20 12 11 15 16 17
